<?xml version="1.0" encoding="UTF-8"?>
<!-- Generated by org.testng.reporters.JUnitReportReporter -->
<testsuite hostname="N01-075" name="com.example.test.FormTest" tests="4" failures="0" timestamp="7 Feb 2018 06:15:42 GMT" time="0.784" errors="4">
  <testcase name="doGet" time="0.033" classname="com.example.test.FormTest">
    <error type="java.lang.AssertionError" message="expected [6] but found [&lt;!DOCTYPE html&gt;&lt;html&gt;&lt;head&gt;&lt;title&gt;Apache Tomcat/8.0.36 - Error report&lt;/title&gt;&lt;style type=&quot;text/css&quot;&gt;H1 {font-family:Tahoma,Arial,sans-serif;color:white;background-color:#525D76;font-size:22px;} H2 {font-family:Tahoma,Arial,sans-serif;color:white;background-color:#525D76;font-size:16px;} H3 {font-family:Tahoma,Arial,sans-serif;color:white;background-color:#525D76;font-size:14px;} BODY {font-family:Tahoma,Arial,sans-serif;color:black;background-color:white;} B {font-family:Tahoma,Arial,sans-serif;color:white;background-color:#525D76;} P {font-family:Tahoma,Arial,sans-serif;background:white;color:black;font-size:12px;}A {color : black;}A.name {color : black;}.line {height: 1px; background-color: #525D76; border: none;}&lt;/style&gt; &lt;/head&gt;&lt;body&gt;&lt;h1&gt;HTTP Status 404 - /project158/zhan6&lt;/h1&gt;&lt;div class=&quot;line&quot;&gt;&lt;/div&gt;&lt;p&gt;&lt;b&gt;type&lt;/b&gt; Status report&lt;/p&gt;&lt;p&gt;&lt;b&gt;message&lt;/b&gt; &lt;u&gt;/project158/zhan6&lt;/u&gt;&lt;/p&gt;&lt;p&gt;&lt;b&gt;description&lt;/b&gt; &lt;u&gt;The requested resource is not available.&lt;/u&gt;&lt;/p&gt;&lt;hr class=&quot;line&quot;&gt;&lt;h3&gt;Apache Tomcat/8.0.36&lt;/h3&gt;&lt;/body&gt;&lt;/html&gt;]">
      <![CDATA[java.lang.AssertionError: expected [6] but found [<!DOCTYPE html><html><head><title>Apache Tomcat/8.0.36 - Error report</title><style type="text/css">H1 {font-family:Tahoma,Arial,sans-serif;color:white;background-color:#525D76;font-size:22px;} H2 {font-family:Tahoma,Arial,sans-serif;color:white;background-color:#525D76;font-size:16px;} H3 {font-family:Tahoma,Arial,sans-serif;color:white;background-color:#525D76;font-size:14px;} BODY {font-family:Tahoma,Arial,sans-serif;color:black;background-color:white;} B {font-family:Tahoma,Arial,sans-serif;color:white;background-color:#525D76;} P {font-family:Tahoma,Arial,sans-serif;background:white;color:black;font-size:12px;}A {color : black;}A.name {color : black;}.line {height: 1px; background-color: #525D76; border: none;}</style> </head><body><h1>HTTP Status 404 - /project158/zhan6</h1><div class="line"></div><p><b>type</b> Status report</p><p><b>message</b> <u>/project158/zhan6</u></p><p><b>description</b> <u>The requested resource is not available.</u></p><hr class="line"><h3>Apache Tomcat/8.0.36</h3></body></html>]
	at org.testng.Assert.fail(Assert.java:94)
	at org.testng.Assert.failNotEquals(Assert.java:494)
	at org.testng.Assert.assertEquals(Assert.java:123)
	at org.testng.Assert.assertEquals(Assert.java:176)
	at org.testng.Assert.assertEquals(Assert.java:186)
	at com.example.test.FormTest.doGet(FormTest.java:33)
	at sun.reflect.NativeMethodAccessorImpl.invoke0(Native Method)
	at sun.reflect.NativeMethodAccessorImpl.invoke(NativeMethodAccessorImpl.java:57)
	at sun.reflect.DelegatingMethodAccessorImpl.invoke(DelegatingMethodAccessorImpl.java:43)
	at java.lang.reflect.Method.invoke(Method.java:606)
	at org.testng.internal.MethodInvocationHelper.invokeMethod(MethodInvocationHelper.java:84)
	at org.testng.internal.Invoker.invokeMethod(Invoker.java:714)
	at org.testng.internal.Invoker.invokeTestMethod(Invoker.java:901)
	at org.testng.internal.Invoker.invokeTestMethods(Invoker.java:1231)
	at org.testng.internal.TestMethodWorker.invokeTestMethods(TestMethodWorker.java:127)
	at org.testng.internal.TestMethodWorker.run(TestMethodWorker.java:111)
	at org.testng.TestRunner.privateRun(TestRunner.java:767)
	at org.testng.TestRunner.run(TestRunner.java:617)
	at org.testng.SuiteRunner.runTest(SuiteRunner.java:348)
	at org.testng.SuiteRunner.runSequentially(SuiteRunner.java:343)
	at org.testng.SuiteRunner.privateRun(SuiteRunner.java:305)
	at org.testng.SuiteRunner.run(SuiteRunner.java:254)
	at org.testng.SuiteRunnerWorker.runSuite(SuiteRunnerWorker.java:52)
	at org.testng.SuiteRunnerWorker.run(SuiteRunnerWorker.java:86)
	at org.testng.TestNG.runSuitesSequentially(TestNG.java:1224)
	at org.testng.TestNG.runSuitesLocally(TestNG.java:1149)
	at org.testng.TestNG.run(TestNG.java:1057)
	at org.testng.remote.RemoteTestNG.run(RemoteTestNG.java:111)
	at org.testng.remote.RemoteTestNG.initAndRun(RemoteTestNG.java:204)
	at org.testng.remote.RemoteTestNG.main(RemoteTestNG.java:175)
]]>
    </error>
  </testcase> <!-- doGet -->
  <testcase name="doGet" time="0.033" classname="com.example.test.FormTest">
    <error type="java.lang.AssertionError" message="expected [9] but found [&lt;!DOCTYPE html&gt;&lt;html&gt;&lt;head&gt;&lt;title&gt;Apache Tomcat/8.0.36 - Error report&lt;/title&gt;&lt;style type=&quot;text/css&quot;&gt;H1 {font-family:Tahoma,Arial,sans-serif;color:white;background-color:#525D76;font-size:22px;} H2 {font-family:Tahoma,Arial,sans-serif;color:white;background-color:#525D76;font-size:16px;} H3 {font-family:Tahoma,Arial,sans-serif;color:white;background-color:#525D76;font-size:14px;} BODY {font-family:Tahoma,Arial,sans-serif;color:black;background-color:white;} B {font-family:Tahoma,Arial,sans-serif;color:white;background-color:#525D76;} P {font-family:Tahoma,Arial,sans-serif;background:white;color:black;font-size:12px;}A {color : black;}A.name {color : black;}.line {height: 1px; background-color: #525D76; border: none;}&lt;/style&gt; &lt;/head&gt;&lt;body&gt;&lt;h1&gt;HTTP Status 404 - /project158/zhan6&lt;/h1&gt;&lt;div class=&quot;line&quot;&gt;&lt;/div&gt;&lt;p&gt;&lt;b&gt;type&lt;/b&gt; Status report&lt;/p&gt;&lt;p&gt;&lt;b&gt;message&lt;/b&gt; &lt;u&gt;/project158/zhan6&lt;/u&gt;&lt;/p&gt;&lt;p&gt;&lt;b&gt;description&lt;/b&gt; &lt;u&gt;The requested resource is not available.&lt;/u&gt;&lt;/p&gt;&lt;hr class=&quot;line&quot;&gt;&lt;h3&gt;Apache Tomcat/8.0.36&lt;/h3&gt;&lt;/body&gt;&lt;/html&gt;]">
      <![CDATA[java.lang.AssertionError: expected [9] but found [<!DOCTYPE html><html><head><title>Apache Tomcat/8.0.36 - Error report</title><style type="text/css">H1 {font-family:Tahoma,Arial,sans-serif;color:white;background-color:#525D76;font-size:22px;} H2 {font-family:Tahoma,Arial,sans-serif;color:white;background-color:#525D76;font-size:16px;} H3 {font-family:Tahoma,Arial,sans-serif;color:white;background-color:#525D76;font-size:14px;} BODY {font-family:Tahoma,Arial,sans-serif;color:black;background-color:white;} B {font-family:Tahoma,Arial,sans-serif;color:white;background-color:#525D76;} P {font-family:Tahoma,Arial,sans-serif;background:white;color:black;font-size:12px;}A {color : black;}A.name {color : black;}.line {height: 1px; background-color: #525D76; border: none;}</style> </head><body><h1>HTTP Status 404 - /project158/zhan6</h1><div class="line"></div><p><b>type</b> Status report</p><p><b>message</b> <u>/project158/zhan6</u></p><p><b>description</b> <u>The requested resource is not available.</u></p><hr class="line"><h3>Apache Tomcat/8.0.36</h3></body></html>]
	at org.testng.Assert.fail(Assert.java:94)
	at org.testng.Assert.failNotEquals(Assert.java:494)
	at org.testng.Assert.assertEquals(Assert.java:123)
	at org.testng.Assert.assertEquals(Assert.java:176)
	at org.testng.Assert.assertEquals(Assert.java:186)
	at com.example.test.FormTest.doGet(FormTest.java:33)
	at sun.reflect.NativeMethodAccessorImpl.invoke0(Native Method)
	at sun.reflect.NativeMethodAccessorImpl.invoke(NativeMethodAccessorImpl.java:57)
	at sun.reflect.DelegatingMethodAccessorImpl.invoke(DelegatingMethodAccessorImpl.java:43)
	at java.lang.reflect.Method.invoke(Method.java:606)
	at org.testng.internal.MethodInvocationHelper.invokeMethod(MethodInvocationHelper.java:84)
	at org.testng.internal.Invoker.invokeMethod(Invoker.java:714)
	at org.testng.internal.Invoker.invokeTestMethod(Invoker.java:901)
	at org.testng.internal.Invoker.invokeTestMethods(Invoker.java:1231)
	at org.testng.internal.TestMethodWorker.invokeTestMethods(TestMethodWorker.java:127)
	at org.testng.internal.TestMethodWorker.run(TestMethodWorker.java:111)
	at org.testng.TestRunner.privateRun(TestRunner.java:767)
	at org.testng.TestRunner.run(TestRunner.java:617)
	at org.testng.SuiteRunner.runTest(SuiteRunner.java:348)
	at org.testng.SuiteRunner.runSequentially(SuiteRunner.java:343)
	at org.testng.SuiteRunner.privateRun(SuiteRunner.java:305)
	at org.testng.SuiteRunner.run(SuiteRunner.java:254)
	at org.testng.SuiteRunnerWorker.runSuite(SuiteRunnerWorker.java:52)
	at org.testng.SuiteRunnerWorker.run(SuiteRunnerWorker.java:86)
	at org.testng.TestNG.runSuitesSequentially(TestNG.java:1224)
	at org.testng.TestNG.runSuitesLocally(TestNG.java:1149)
	at org.testng.TestNG.run(TestNG.java:1057)
	at org.testng.remote.RemoteTestNG.run(RemoteTestNG.java:111)
	at org.testng.remote.RemoteTestNG.initAndRun(RemoteTestNG.java:204)
	at org.testng.remote.RemoteTestNG.main(RemoteTestNG.java:175)
]]>
    </error>
  </testcase> <!-- doGet -->
  <testcase name="doGet" time="0.639" classname="com.example.test.FormTest">
    <error type="java.lang.AssertionError" message="expected [3] but found [&lt;!DOCTYPE html&gt;&lt;html&gt;&lt;head&gt;&lt;title&gt;Apache Tomcat/8.0.36 - Error report&lt;/title&gt;&lt;style type=&quot;text/css&quot;&gt;H1 {font-family:Tahoma,Arial,sans-serif;color:white;background-color:#525D76;font-size:22px;} H2 {font-family:Tahoma,Arial,sans-serif;color:white;background-color:#525D76;font-size:16px;} H3 {font-family:Tahoma,Arial,sans-serif;color:white;background-color:#525D76;font-size:14px;} BODY {font-family:Tahoma,Arial,sans-serif;color:black;background-color:white;} B {font-family:Tahoma,Arial,sans-serif;color:white;background-color:#525D76;} P {font-family:Tahoma,Arial,sans-serif;background:white;color:black;font-size:12px;}A {color : black;}A.name {color : black;}.line {height: 1px; background-color: #525D76; border: none;}&lt;/style&gt; &lt;/head&gt;&lt;body&gt;&lt;h1&gt;HTTP Status 404 - /project158/zhan6&lt;/h1&gt;&lt;div class=&quot;line&quot;&gt;&lt;/div&gt;&lt;p&gt;&lt;b&gt;type&lt;/b&gt; Status report&lt;/p&gt;&lt;p&gt;&lt;b&gt;message&lt;/b&gt; &lt;u&gt;/project158/zhan6&lt;/u&gt;&lt;/p&gt;&lt;p&gt;&lt;b&gt;description&lt;/b&gt; &lt;u&gt;The requested resource is not available.&lt;/u&gt;&lt;/p&gt;&lt;hr class=&quot;line&quot;&gt;&lt;h3&gt;Apache Tomcat/8.0.36&lt;/h3&gt;&lt;/body&gt;&lt;/html&gt;]">
      <![CDATA[java.lang.AssertionError: expected [3] but found [<!DOCTYPE html><html><head><title>Apache Tomcat/8.0.36 - Error report</title><style type="text/css">H1 {font-family:Tahoma,Arial,sans-serif;color:white;background-color:#525D76;font-size:22px;} H2 {font-family:Tahoma,Arial,sans-serif;color:white;background-color:#525D76;font-size:16px;} H3 {font-family:Tahoma,Arial,sans-serif;color:white;background-color:#525D76;font-size:14px;} BODY {font-family:Tahoma,Arial,sans-serif;color:black;background-color:white;} B {font-family:Tahoma,Arial,sans-serif;color:white;background-color:#525D76;} P {font-family:Tahoma,Arial,sans-serif;background:white;color:black;font-size:12px;}A {color : black;}A.name {color : black;}.line {height: 1px; background-color: #525D76; border: none;}</style> </head><body><h1>HTTP Status 404 - /project158/zhan6</h1><div class="line"></div><p><b>type</b> Status report</p><p><b>message</b> <u>/project158/zhan6</u></p><p><b>description</b> <u>The requested resource is not available.</u></p><hr class="line"><h3>Apache Tomcat/8.0.36</h3></body></html>]
	at org.testng.Assert.fail(Assert.java:94)
	at org.testng.Assert.failNotEquals(Assert.java:494)
	at org.testng.Assert.assertEquals(Assert.java:123)
	at org.testng.Assert.assertEquals(Assert.java:176)
	at org.testng.Assert.assertEquals(Assert.java:186)
	at com.example.test.FormTest.doGet(FormTest.java:33)
	at sun.reflect.NativeMethodAccessorImpl.invoke0(Native Method)
	at sun.reflect.NativeMethodAccessorImpl.invoke(NativeMethodAccessorImpl.java:57)
	at sun.reflect.DelegatingMethodAccessorImpl.invoke(DelegatingMethodAccessorImpl.java:43)
	at java.lang.reflect.Method.invoke(Method.java:606)
	at org.testng.internal.MethodInvocationHelper.invokeMethod(MethodInvocationHelper.java:84)
	at org.testng.internal.Invoker.invokeMethod(Invoker.java:714)
	at org.testng.internal.Invoker.invokeTestMethod(Invoker.java:901)
	at org.testng.internal.Invoker.invokeTestMethods(Invoker.java:1231)
	at org.testng.internal.TestMethodWorker.invokeTestMethods(TestMethodWorker.java:127)
	at org.testng.internal.TestMethodWorker.run(TestMethodWorker.java:111)
	at org.testng.TestRunner.privateRun(TestRunner.java:767)
	at org.testng.TestRunner.run(TestRunner.java:617)
	at org.testng.SuiteRunner.runTest(SuiteRunner.java:348)
	at org.testng.SuiteRunner.runSequentially(SuiteRunner.java:343)
	at org.testng.SuiteRunner.privateRun(SuiteRunner.java:305)
	at org.testng.SuiteRunner.run(SuiteRunner.java:254)
	at org.testng.SuiteRunnerWorker.runSuite(SuiteRunnerWorker.java:52)
	at org.testng.SuiteRunnerWorker.run(SuiteRunnerWorker.java:86)
	at org.testng.TestNG.runSuitesSequentially(TestNG.java:1224)
	at org.testng.TestNG.runSuitesLocally(TestNG.java:1149)
	at org.testng.TestNG.run(TestNG.java:1057)
	at org.testng.remote.RemoteTestNG.run(RemoteTestNG.java:111)
	at org.testng.remote.RemoteTestNG.initAndRun(RemoteTestNG.java:204)
	at org.testng.remote.RemoteTestNG.main(RemoteTestNG.java:175)
]]>
    </error>
  </testcase> <!-- doGet -->
  <testcase name="doGet" time="0.079" classname="com.example.test.FormTest">
    <error type="java.lang.AssertionError" message="expected [5] but found [&lt;!DOCTYPE html&gt;&lt;html&gt;&lt;head&gt;&lt;title&gt;Apache Tomcat/8.0.36 - Error report&lt;/title&gt;&lt;style type=&quot;text/css&quot;&gt;H1 {font-family:Tahoma,Arial,sans-serif;color:white;background-color:#525D76;font-size:22px;} H2 {font-family:Tahoma,Arial,sans-serif;color:white;background-color:#525D76;font-size:16px;} H3 {font-family:Tahoma,Arial,sans-serif;color:white;background-color:#525D76;font-size:14px;} BODY {font-family:Tahoma,Arial,sans-serif;color:black;background-color:white;} B {font-family:Tahoma,Arial,sans-serif;color:white;background-color:#525D76;} P {font-family:Tahoma,Arial,sans-serif;background:white;color:black;font-size:12px;}A {color : black;}A.name {color : black;}.line {height: 1px; background-color: #525D76; border: none;}&lt;/style&gt; &lt;/head&gt;&lt;body&gt;&lt;h1&gt;HTTP Status 404 - /project158/zhan6&lt;/h1&gt;&lt;div class=&quot;line&quot;&gt;&lt;/div&gt;&lt;p&gt;&lt;b&gt;type&lt;/b&gt; Status report&lt;/p&gt;&lt;p&gt;&lt;b&gt;message&lt;/b&gt; &lt;u&gt;/project158/zhan6&lt;/u&gt;&lt;/p&gt;&lt;p&gt;&lt;b&gt;description&lt;/b&gt; &lt;u&gt;The requested resource is not available.&lt;/u&gt;&lt;/p&gt;&lt;hr class=&quot;line&quot;&gt;&lt;h3&gt;Apache Tomcat/8.0.36&lt;/h3&gt;&lt;/body&gt;&lt;/html&gt;]">
      <![CDATA[java.lang.AssertionError: expected [5] but found [<!DOCTYPE html><html><head><title>Apache Tomcat/8.0.36 - Error report</title><style type="text/css">H1 {font-family:Tahoma,Arial,sans-serif;color:white;background-color:#525D76;font-size:22px;} H2 {font-family:Tahoma,Arial,sans-serif;color:white;background-color:#525D76;font-size:16px;} H3 {font-family:Tahoma,Arial,sans-serif;color:white;background-color:#525D76;font-size:14px;} BODY {font-family:Tahoma,Arial,sans-serif;color:black;background-color:white;} B {font-family:Tahoma,Arial,sans-serif;color:white;background-color:#525D76;} P {font-family:Tahoma,Arial,sans-serif;background:white;color:black;font-size:12px;}A {color : black;}A.name {color : black;}.line {height: 1px; background-color: #525D76; border: none;}</style> </head><body><h1>HTTP Status 404 - /project158/zhan6</h1><div class="line"></div><p><b>type</b> Status report</p><p><b>message</b> <u>/project158/zhan6</u></p><p><b>description</b> <u>The requested resource is not available.</u></p><hr class="line"><h3>Apache Tomcat/8.0.36</h3></body></html>]
	at org.testng.Assert.fail(Assert.java:94)
	at org.testng.Assert.failNotEquals(Assert.java:494)
	at org.testng.Assert.assertEquals(Assert.java:123)
	at org.testng.Assert.assertEquals(Assert.java:176)
	at org.testng.Assert.assertEquals(Assert.java:186)
	at com.example.test.FormTest.doGet(FormTest.java:33)
	at sun.reflect.NativeMethodAccessorImpl.invoke0(Native Method)
	at sun.reflect.NativeMethodAccessorImpl.invoke(NativeMethodAccessorImpl.java:57)
	at sun.reflect.DelegatingMethodAccessorImpl.invoke(DelegatingMethodAccessorImpl.java:43)
	at java.lang.reflect.Method.invoke(Method.java:606)
	at org.testng.internal.MethodInvocationHelper.invokeMethod(MethodInvocationHelper.java:84)
	at org.testng.internal.Invoker.invokeMethod(Invoker.java:714)
	at org.testng.internal.Invoker.invokeTestMethod(Invoker.java:901)
	at org.testng.internal.Invoker.invokeTestMethods(Invoker.java:1231)
	at org.testng.internal.TestMethodWorker.invokeTestMethods(TestMethodWorker.java:127)
	at org.testng.internal.TestMethodWorker.run(TestMethodWorker.java:111)
	at org.testng.TestRunner.privateRun(TestRunner.java:767)
	at org.testng.TestRunner.run(TestRunner.java:617)
	at org.testng.SuiteRunner.runTest(SuiteRunner.java:348)
	at org.testng.SuiteRunner.runSequentially(SuiteRunner.java:343)
	at org.testng.SuiteRunner.privateRun(SuiteRunner.java:305)
	at org.testng.SuiteRunner.run(SuiteRunner.java:254)
	at org.testng.SuiteRunnerWorker.runSuite(SuiteRunnerWorker.java:52)
	at org.testng.SuiteRunnerWorker.run(SuiteRunnerWorker.java:86)
	at org.testng.TestNG.runSuitesSequentially(TestNG.java:1224)
	at org.testng.TestNG.runSuitesLocally(TestNG.java:1149)
	at org.testng.TestNG.run(TestNG.java:1057)
	at org.testng.remote.RemoteTestNG.run(RemoteTestNG.java:111)
	at org.testng.remote.RemoteTestNG.initAndRun(RemoteTestNG.java:204)
	at org.testng.remote.RemoteTestNG.main(RemoteTestNG.java:175)
]]>
    </error>
  </testcase> <!-- doGet -->
</testsuite> <!-- com.example.test.FormTest -->
